ðŸš€ IMS Shopfront - Bootstrapping...

ðŸ“‹ Environment: local
âš™ï¸  Initializing contexts...
[SUCCESS] All contexts initialized {
  contexts: [
    "infra.persistence",
    "infra.messaging",
    "infra.obs",
    "infra.security",
    "infra.realtime",
    "domain.access-control",
    "domain.catalog",
    "domain.inventory",
    "domain.orders",
    "domain.procurement",
    "domain.manufacturing",
    "domain.system",
    "domain.observability",
    "domain.communication",
    "domain.scheduler",
    "domain.queries"
  ],
  initOrder: [
    "infra.persistence",
    "infra.messaging",
    "infra.obs",
    "infra.security",
    "infra.realtime",
    "domain.access-control",
    "domain.catalog",
    "domain.inventory",
    "domain.orders",
    "domain.procurement",
    "domain.manufacturing",
    "domain.system",
    "domain.observability",
    "domain.communication",
    "domain.scheduler",
    "domain.queries"
  ]
}
â° Starting Scheduler Ticker...
[INFO] â° Scheduler initialized and started {}
ðŸŒ Starting HTTP server...
[INFO] Server starting on port 8000 {}

âœ¨ Server ready!
   ðŸ”— UI:  http://localhost:8000/
   ðŸ”— API: http://localhost:8000/api
   ðŸ”— Health: http://localhost:8000/health

[INFO] [ComputeLTV] Recomputing Customer Lifetime Value (LTV)... {}
[INFO] [ComputeLTV] Aggregating order history... {}
[INFO] [CleanupAuditLogs] Starting audit log cleanup... {}
[INFO] [CleanupAuditLogs] Retention policy: 90 days {}
[INFO] [CheckOverdueWOs] Checking for overdue Work Orders... {}
[INFO] [InventorySnapshot] Taking daily inventory snapshot... {}
[INFO] [DBBackup] Initiating full KV backup... {}
[INFO] [DBBackup] Exporting tables: users, products, orders, logs... {}
[INFO] [SyncSearchIndex] Starting search index synchronization... {}
[INFO] [CheckPendingPOs] Checking for delayed Purchase Orders... {}
[INFO] [CheckPendingPOs] Scanning pending POs... {}
[INFO] [CheckLowStock] Checking for low stock items... {}
[INFO] [CancelStaleOrders] Scanning for stale CREATED orders > 48h... {}
[INFO] [PaymentReminders] Sending payment reminders for orders > 24h... {}
[INFO] [CheckPendingPOs] All POs within expected delivery windows. {}
[INFO] [CleanupAuditLogs] Cleanup complete. {}
[INFO] [SyncSearchIndex] Fetched 2450 products from DB. {}
[INFO] [DBBackup] Compression complete. Archive size: 104MB {}
[INFO] [DBBackup] Upload to S3 (Mock) complete. {}
[INFO] [SyncSearchIndex] Analyzing keywords... {}
[INFO] [SyncSearchIndex] Index updated. Stats: 2450 docs, 15000 tokens. {}
[INFO] [ComputeLTV] Recomputing Customer Lifetime Value (LTV)... {}
[INFO] [ComputeLTV] Aggregating order history... {}
[INFO] [CleanupAuditLogs] Starting audit log cleanup... {}
[INFO] [CleanupAuditLogs] Retention policy: 90 days {}
[INFO] [InventorySnapshot] Taking daily inventory snapshot... {}
[INFO] [DBBackup] Initiating full KV backup... {}
[INFO] [DBBackup] Exporting tables: users, products, orders, logs... {}
[INFO] [CheckOverdueWOs] Checking for overdue Work Orders... {}
[INFO] [SyncSearchIndex] Starting search index synchronization... {}
[INFO] [CheckLowStock] Checking for low stock items... {}
[INFO] [CheckPendingPOs] Checking for delayed Purchase Orders... {}
[INFO] [CheckPendingPOs] Scanning pending POs... {}
[INFO] [PaymentReminders] Sending payment reminders for orders > 24h... {}
[INFO] [CancelStaleOrders] Scanning for stale CREATED orders > 48h... {}
[INFO] [CheckPendingPOs] All POs within expected delivery windows. {}
[INFO] [CleanupAuditLogs] Cleanup complete. {}
[INFO] [SyncSearchIndex] Fetched 2450 products from DB. {}
[INFO] [DBBackup] Compression complete. Archive size: 114MB {}
[INFO] [DBBackup] Upload to S3 (Mock) complete. {}
[INFO] [SyncSearchIndex] Analyzing keywords... {}
[INFO] [SyncSearchIndex] Index updated. Stats: 2450 docs, 15000 tokens. {}
[INFO] [PaymentReminders] Sending payment reminders for orders > 24h... {}
[INFO] [CleanupAuditLogs] Starting audit log cleanup... {}
[INFO] [CleanupAuditLogs] Retention policy: 90 days {}
[INFO] [InventorySnapshot] Taking daily inventory snapshot... {}
[INFO] [CheckOverdueWOs] Checking for overdue Work Orders... {}
[INFO] [DBBackup] Initiating full KV backup... {}
[INFO] [DBBackup] Exporting tables: users, products, orders, logs... {}
[INFO] [SyncSearchIndex] Starting search index synchronization... {}
[INFO] [CheckPendingPOs] Checking for delayed Purchase Orders... {}
[INFO] [CheckPendingPOs] Scanning pending POs... {}
[INFO] [CheckLowStock] Checking for low stock items... {}
[INFO] [ComputeLTV] Recomputing Customer Lifetime Value (LTV)... {}
[INFO] [ComputeLTV] Aggregating order history... {}
[INFO] [CancelStaleOrders] Scanning for stale CREATED orders > 48h... {}
[INFO] [CheckPendingPOs] All POs within expected delivery windows. {}
[INFO] [CleanupAuditLogs] Cleanup complete. {}
[INFO] [SyncSearchIndex] Fetched 2450 products from DB. {}
[INFO] [DBBackup] Compression complete. Archive size: 119MB {}
[INFO] [DBBackup] Upload to S3 (Mock) complete. {}
[INFO] [SyncSearchIndex] Analyzing keywords... {}
[INFO] [SyncSearchIndex] Index updated. Stats: 2450 docs, 15000 tokens. {}
